{"/Users/ymoukhli/Desktop/red_tetris/socket_io_client/src/App.backup.js": {"path":"/Users/ymoukhli/Desktop/red_tetris/socket_io_client/src/App.backup.js","statementMap":{"0":{"start":{"line":11,"column":18},"end":{"line":11,"column":45}},"1":{"start":{"line":12,"column":27},"end":{"line":12,"column":36}},"2":{"start":{"line":14,"column":0},"end":{"line":18,"column":3}},"3":{"start":{"line":14,"column":37},"end":{"line":18,"column":1}},"4":{"start":{"line":16,"column":21},"end":{"line":16,"column":39}},"5":{"start":{"line":17,"column":21},"end":{"line":17,"column":30}},"6":{"start":{"line":20,"column":0},"end":{"line":90,"column":4}},"7":{"start":{"line":23,"column":14},"end":{"line":71,"column":2}},"8":{"start":{"line":76,"column":0},"end":{"line":89,"column":6}},"9":{"start":{"line":77,"column":4},"end":{"line":81,"column":11}},"10":{"start":{"line":82,"column":8},"end":{"line":82,"column":70}},"11":{"start":{"line":83,"column":25},"end":{"line":83,"column":65}},"12":{"start":{"line":84,"column":8},"end":{"line":84,"column":62}},"13":{"start":{"line":85,"column":8},"end":{"line":85,"column":76}},"14":{"start":{"line":86,"column":21},"end":{"line":86,"column":57}},"15":{"start":{"line":87,"column":8},"end":{"line":87,"column":58}},"16":{"start":{"line":88,"column":8},"end":{"line":88,"column":72}}},"fnMap":{"0":{"name":"(anonymous_0)","decl":{"start":{"line":14,"column":30},"end":{"line":14,"column":31}},"loc":{"start":{"line":14,"column":37},"end":{"line":18,"column":1}},"line":14},"1":{"name":"(anonymous_1)","decl":{"start":{"line":16,"column":15},"end":{"line":16,"column":16}},"loc":{"start":{"line":16,"column":21},"end":{"line":16,"column":39}},"line":16},"2":{"name":"(anonymous_2)","decl":{"start":{"line":17,"column":15},"end":{"line":17,"column":16}},"loc":{"start":{"line":17,"column":21},"end":{"line":17,"column":30}},"line":17},"3":{"name":"(anonymous_3)","decl":{"start":{"line":20,"column":29},"end":{"line":20,"column":30}},"loc":{"start":{"line":20,"column":35},"end":{"line":90,"column":3}},"line":20},"4":{"name":"(anonymous_4)","decl":{"start":{"line":76,"column":20},"end":{"line":76,"column":21}},"loc":{"start":{"line":76,"column":26},"end":{"line":89,"column":5}},"line":76}},"branchMap":{},"s":{"0":0,"1":0,"2":0,"3":0,"4":0,"5":0,"6":0,"7":0,"8":0,"9":0,"10":0,"11":0,"12":0,"13":0,"14":0,"15":0,"16":0},"f":{"0":0,"1":0,"2":0,"3":0,"4":0},"b":{}}
,"/Users/ymoukhli/Desktop/red_tetris/socket_io_client/src/App.js": {"path":"/Users/ymoukhli/Desktop/red_tetris/socket_io_client/src/App.js","statementMap":{"0":{"start":{"line":18,"column":14},"end":{"line":18,"column":27}},"1":{"start":{"line":22,"column":18},"end":{"line":22,"column":69}},"2":{"start":{"line":22,"column":41},"end":{"line":22,"column":68}},"3":{"start":{"line":23,"column":17},"end":{"line":23,"column":67}},"4":{"start":{"line":23,"column":40},"end":{"line":23,"column":66}},"5":{"start":{"line":24,"column":19},"end":{"line":24,"column":71}},"6":{"start":{"line":24,"column":42},"end":{"line":24,"column":70}},"7":{"start":{"line":25,"column":17},"end":{"line":25,"column":67}},"8":{"start":{"line":25,"column":40},"end":{"line":25,"column":66}},"9":{"start":{"line":26,"column":18},"end":{"line":26,"column":69}},"10":{"start":{"line":26,"column":41},"end":{"line":26,"column":68}},"11":{"start":{"line":27,"column":20},"end":{"line":27,"column":63}},"12":{"start":{"line":27,"column":43},"end":{"line":27,"column":62}},"13":{"start":{"line":28,"column":22},"end":{"line":28,"column":83}},"14":{"start":{"line":28,"column":45},"end":{"line":28,"column":82}},"15":{"start":{"line":29,"column":19},"end":{"line":29,"column":32}},"16":{"start":{"line":30,"column":19},"end":{"line":30,"column":32}},"17":{"start":{"line":33,"column":15},"end":{"line":46,"column":3}},"18":{"start":{"line":34,"column":4},"end":{"line":45,"column":5}},"19":{"start":{"line":35,"column":6},"end":{"line":35,"column":34}},"20":{"start":{"line":36,"column":6},"end":{"line":44,"column":7}},"21":{"start":{"line":37,"column":8},"end":{"line":37,"column":45}},"22":{"start":{"line":38,"column":13},"end":{"line":44,"column":7}},"23":{"start":{"line":39,"column":8},"end":{"line":39,"column":46}},"24":{"start":{"line":40,"column":13},"end":{"line":44,"column":7}},"25":{"start":{"line":41,"column":8},"end":{"line":41,"column":45}},"26":{"start":{"line":42,"column":13},"end":{"line":44,"column":7}},"27":{"start":{"line":43,"column":8},"end":{"line":43,"column":31}},"28":{"start":{"line":49,"column":18},"end":{"line":62,"column":3}},"29":{"start":{"line":50,"column":4},"end":{"line":50,"column":27}},"30":{"start":{"line":51,"column":4},"end":{"line":51,"column":28}},"31":{"start":{"line":52,"column":4},"end":{"line":53,"column":47}},"32":{"start":{"line":53,"column":6},"end":{"line":53,"column":47}},"33":{"start":{"line":54,"column":4},"end":{"line":54,"column":27}},"34":{"start":{"line":55,"column":20},"end":{"line":55,"column":73}},"35":{"start":{"line":56,"column":4},"end":{"line":56,"column":38}},"36":{"start":{"line":57,"column":4},"end":{"line":57,"column":25}},"37":{"start":{"line":57,"column":18},"end":{"line":57,"column":25}},"38":{"start":{"line":58,"column":4},"end":{"line":61,"column":5}},"39":{"start":{"line":59,"column":21},"end":{"line":59,"column":29}},"40":{"start":{"line":60,"column":6},"end":{"line":60,"column":55}},"41":{"start":{"line":68,"column":2},"end":{"line":117,"column":4}},"42":{"start":{"line":73,"column":31},"end":{"line":73,"column":38}}},"fnMap":{"0":{"name":"Checkout","decl":{"start":{"line":19,"column":24},"end":{"line":19,"column":32}},"loc":{"start":{"line":19,"column":35},"end":{"line":118,"column":1}},"line":19},"1":{"name":"(anonymous_1)","decl":{"start":{"line":22,"column":30},"end":{"line":22,"column":31}},"loc":{"start":{"line":22,"column":41},"end":{"line":22,"column":68}},"line":22},"2":{"name":"(anonymous_2)","decl":{"start":{"line":23,"column":29},"end":{"line":23,"column":30}},"loc":{"start":{"line":23,"column":40},"end":{"line":23,"column":66}},"line":23},"3":{"name":"(anonymous_3)","decl":{"start":{"line":24,"column":31},"end":{"line":24,"column":32}},"loc":{"start":{"line":24,"column":42},"end":{"line":24,"column":70}},"line":24},"4":{"name":"(anonymous_4)","decl":{"start":{"line":25,"column":29},"end":{"line":25,"column":30}},"loc":{"start":{"line":25,"column":40},"end":{"line":25,"column":66}},"line":25},"5":{"name":"(anonymous_5)","decl":{"start":{"line":26,"column":30},"end":{"line":26,"column":31}},"loc":{"start":{"line":26,"column":41},"end":{"line":26,"column":68}},"line":26},"6":{"name":"(anonymous_6)","decl":{"start":{"line":27,"column":32},"end":{"line":27,"column":33}},"loc":{"start":{"line":27,"column":43},"end":{"line":27,"column":62}},"line":27},"7":{"name":"(anonymous_7)","decl":{"start":{"line":28,"column":34},"end":{"line":28,"column":35}},"loc":{"start":{"line":28,"column":45},"end":{"line":28,"column":82}},"line":28},"8":{"name":"(anonymous_8)","decl":{"start":{"line":33,"column":15},"end":{"line":33,"column":16}},"loc":{"start":{"line":33,"column":28},"end":{"line":46,"column":3}},"line":33},"9":{"name":"(anonymous_9)","decl":{"start":{"line":49,"column":18},"end":{"line":49,"column":19}},"loc":{"start":{"line":49,"column":28},"end":{"line":62,"column":3}},"line":49},"10":{"name":"(anonymous_10)","decl":{"start":{"line":73,"column":24},"end":{"line":73,"column":25}},"loc":{"start":{"line":73,"column":31},"end":{"line":73,"column":38}},"line":73}},"branchMap":{"0":{"loc":{"start":{"line":34,"column":4},"end":{"line":45,"column":5}},"type":"if","locations":[{"start":{"line":34,"column":4},"end":{"line":45,"column":5}},{"start":{},"end":{}}],"line":34},"1":{"loc":{"start":{"line":34,"column":8},"end":{"line":34,"column":51}},"type":"binary-expr","locations":[{"start":{"line":34,"column":8},"end":{"line":34,"column":14}},{"start":{"line":34,"column":18},"end":{"line":34,"column":27}},{"start":{"line":34,"column":31},"end":{"line":34,"column":40}},{"start":{"line":34,"column":44},"end":{"line":34,"column":51}}],"line":34},"2":{"loc":{"start":{"line":36,"column":6},"end":{"line":44,"column":7}},"type":"if","locations":[{"start":{"line":36,"column":6},"end":{"line":44,"column":7}},{"start":{"line":38,"column":13},"end":{"line":44,"column":7}}],"line":36},"3":{"loc":{"start":{"line":36,"column":10},"end":{"line":36,"column":45}},"type":"binary-expr","locations":[{"start":{"line":36,"column":10},"end":{"line":36,"column":30}},{"start":{"line":36,"column":34},"end":{"line":36,"column":45}}],"line":36},"4":{"loc":{"start":{"line":38,"column":13},"end":{"line":44,"column":7}},"type":"if","locations":[{"start":{"line":38,"column":13},"end":{"line":44,"column":7}},{"start":{"line":40,"column":13},"end":{"line":44,"column":7}}],"line":38},"5":{"loc":{"start":{"line":38,"column":17},"end":{"line":38,"column":51}},"type":"binary-expr","locations":[{"start":{"line":38,"column":17},"end":{"line":38,"column":36}},{"start":{"line":38,"column":40},"end":{"line":38,"column":51}}],"line":38},"6":{"loc":{"start":{"line":40,"column":13},"end":{"line":44,"column":7}},"type":"if","locations":[{"start":{"line":40,"column":13},"end":{"line":44,"column":7}},{"start":{"line":42,"column":13},"end":{"line":44,"column":7}}],"line":40},"7":{"loc":{"start":{"line":40,"column":17},"end":{"line":40,"column":51}},"type":"binary-expr","locations":[{"start":{"line":40,"column":17},"end":{"line":40,"column":36}},{"start":{"line":40,"column":40},"end":{"line":40,"column":51}}],"line":40},"8":{"loc":{"start":{"line":42,"column":13},"end":{"line":44,"column":7}},"type":"if","locations":[{"start":{"line":42,"column":13},"end":{"line":44,"column":7}},{"start":{},"end":{}}],"line":42},"9":{"loc":{"start":{"line":42,"column":17},"end":{"line":42,"column":49}},"type":"binary-expr","locations":[{"start":{"line":42,"column":17},"end":{"line":42,"column":34}},{"start":{"line":42,"column":38},"end":{"line":42,"column":49}}],"line":42},"10":{"loc":{"start":{"line":52,"column":4},"end":{"line":53,"column":47}},"type":"if","locations":[{"start":{"line":52,"column":4},"end":{"line":53,"column":47}},{"start":{},"end":{}}],"line":52},"11":{"loc":{"start":{"line":57,"column":4},"end":{"line":57,"column":25}},"type":"if","locations":[{"start":{"line":57,"column":4},"end":{"line":57,"column":25}},{"start":{},"end":{}}],"line":57},"12":{"loc":{"start":{"line":58,"column":4},"end":{"line":61,"column":5}},"type":"if","locations":[{"start":{"line":58,"column":4},"end":{"line":61,"column":5}},{"start":{},"end":{}}],"line":58},"13":{"loc":{"start":{"line":58,"column":8},"end":{"line":58,"column":32}},"type":"binary-expr","locations":[{"start":{"line":58,"column":8},"end":{"line":58,"column":18}},{"start":{"line":58,"column":22},"end":{"line":58,"column":32}}],"line":58},"14":{"loc":{"start":{"line":71,"column":7},"end":{"line":71,"column":50}},"type":"binary-expr","locations":[{"start":{"line":71,"column":7},"end":{"line":71,"column":14}},{"start":{"line":71,"column":18},"end":{"line":71,"column":25}},{"start":{"line":71,"column":29},"end":{"line":71,"column":50}}],"line":71},"15":{"loc":{"start":{"line":72,"column":7},"end":{"line":115,"column":7}},"type":"binary-expr","locations":[{"start":{"line":72,"column":7},"end":{"line":72,"column":13}},{"start":{"line":72,"column":17},"end":{"line":72,"column":24}},{"start":{"line":73,"column":8},"end":{"line":114,"column":14}}],"line":72},"16":{"loc":{"start":{"line":83,"column":19},"end":{"line":89,"column":19}},"type":"binary-expr","locations":[{"start":{"line":83,"column":19},"end":{"line":83,"column":28}},{"start":{"line":84,"column":20},"end":{"line":88,"column":27}}],"line":83},"17":{"loc":{"start":{"line":96,"column":17},"end":{"line":110,"column":17}},"type":"cond-expr","locations":[{"start":{"line":97,"column":18},"end":{"line":107,"column":25}},{"start":{"line":109,"column":18},"end":{"line":109,"column":20}}],"line":96}},"s":{"0":0,"1":0,"2":0,"3":0,"4":0,"5":0,"6":0,"7":0,"8":0,"9":0,"10":0,"11":0,"12":0,"13":0,"14":0,"15":0,"16":0,"17":0,"18":0,"19":0,"20":0,"21":0,"22":0,"23":0,"24":0,"25":0,"26":0,"27":0,"28":0,"29":0,"30":0,"31":0,"32":0,"33":0,"34":0,"35":0,"36":0,"37":0,"38":0,"39":0,"40":0,"41":0,"42":0},"f":{"0":0,"1":0,"2":0,"3":0,"4":0,"5":0,"6":0,"7":0,"8":0,"9":0,"10":0},"b":{"0":[0,0],"1":[0,0,0,0],"2":[0,0],"3":[0,0],"4":[0,0],"5":[0,0],"6":[0,0],"7":[0,0],"8":[0,0],"9":[0,0],"10":[0,0],"11":[0,0],"12":[0,0],"13":[0,0],"14":[0,0,0],"15":[0,0,0],"16":[0,0],"17":[0,0]}}
,"/Users/ymoukhli/Desktop/red_tetris/socket_io_client/src/Components/JoinGame.js": {"path":"/Users/ymoukhli/Desktop/red_tetris/socket_io_client/src/Components/JoinGame.js","statementMap":{"0":{"start":{"line":13,"column":19},"end":{"line":13,"column":57}},"1":{"start":{"line":13,"column":42},"end":{"line":13,"column":56}},"2":{"start":{"line":14,"column":19},"end":{"line":14,"column":32}},"3":{"start":{"line":19,"column":23},"end":{"line":25,"column":3}},"4":{"start":{"line":20,"column":4},"end":{"line":20,"column":23}},"5":{"start":{"line":21,"column":19},"end":{"line":21,"column":27}},"6":{"start":{"line":23,"column":4},"end":{"line":23,"column":25}},"7":{"start":{"line":24,"column":4},"end":{"line":24,"column":67}},"8":{"start":{"line":27,"column":2},"end":{"line":65,"column":4}}},"fnMap":{"0":{"name":"JoinGame","decl":{"start":{"line":10,"column":24},"end":{"line":10,"column":32}},"loc":{"start":{"line":10,"column":35},"end":{"line":66,"column":1}},"line":10},"1":{"name":"(anonymous_1)","decl":{"start":{"line":13,"column":31},"end":{"line":13,"column":32}},"loc":{"start":{"line":13,"column":42},"end":{"line":13,"column":56}},"line":13},"2":{"name":"(anonymous_2)","decl":{"start":{"line":19,"column":23},"end":{"line":19,"column":24}},"loc":{"start":{"line":19,"column":30},"end":{"line":25,"column":3}},"line":19}},"branchMap":{"0":{"loc":{"start":{"line":32,"column":11},"end":{"line":39,"column":11}},"type":"cond-expr","locations":[{"start":{"line":33,"column":12},"end":{"line":36,"column":20}},{"start":{"line":38,"column":12},"end":{"line":38,"column":14}}],"line":32}},"s":{"0":1,"1":1,"2":1,"3":1,"4":1,"5":1,"6":1,"7":1,"8":1},"f":{"0":1,"1":1,"2":1},"b":{"0":[0,1]},"_coverageSchema":"1a1c01bbd47fc00a2c39e90264f33305004495a9","hash":"bb893e70bb592d56cf517098dc524c668282c236"}
}
